# JRE version: Java(TM) SE Runtime Environment (17.0.1+12) (build 17.0.1+12-LTS-39)
# Java VM: Java HotSpot(TM) 64-Bit Server VM (17.0.1+12-LTS-39, mixed mode, sharing, tiered, compressed oops, compressed class ptrs, g1 gc, windows-amd64)
GC Precious Log:
 CPUs: 4 total, 4 available
 Memory: 3871M
 Large Page Support: Disabled
 NUMA Support: Disabled
 Compressed Oops: Enabled (32-bit)
 Heap Region Size: 1M
 Heap Min Capacity: 8M
 Heap Initial Capacity: 62M
 Heap Max Capacity: 968M
 Pre-touch: Disabled
 Parallel Workers: 4
 Concurrent Workers: 1
 Concurrent Refinement Workers: 4
 Periodic GC: Disabled
Heap:
 garbage-first heap   total 68608K, used 40271K [0x00000000c3800000, 0x0000000100000000)
  region size 1024K, 19 young (19456K), 2 survivors (2048K)
 Metaspace       used 58241K, committed 58560K, reserved 1105920K
  class space    used 7799K, committed 7936K, reserved 1048576K
GC Heap History (20 events):
Event: 3.015 GC heap before
{Heap before GC invocations=2 (full 0):
 garbage-first heap   total 63488K, used 27915K [0x00000000c3800000, 0x0000000100000000)
  region size 1024K, 18 young (18432K), 1 survivors (1024K)
 Metaspace       used 9346K, committed 9600K, reserved 1064960K
  class space    used 1173K, committed 1280K, reserved 1048576K
}
Event: 3.021 GC heap after
{Heap after GC invocations=3 (full 0):
 garbage-first heap   total 63488K, used 11830K [0x00000000c3800000, 0x0000000100000000)
  region size 1024K, 3 young (3072K), 3 survivors (3072K)
 Metaspace       used 9346K, committed 9600K, reserved 1064960K
  class space    used 1173K, committed 1280K, reserved 1048576K
}
Event: 3.356 GC heap before
{Heap before GC invocations=3 (full 0):
 garbage-first heap   total 63488K, used 35382K [0x00000000c3800000, 0x0000000100000000)
  region size 1024K, 27 young (27648K), 3 survivors (3072K)
 Metaspace       used 10869K, committed 11008K, reserved 1064960K
  class space    used 1344K, committed 1408K, reserved 1048576K
}
Event: 3.361 GC heap after
{Heap after GC invocations=4 (full 0):
 garbage-first heap   total 63488K, used 12613K [0x00000000c3800000, 0x0000000100000000)
  region size 1024K, 3 young (3072K), 3 survivors (3072K)
 Metaspace       used 10869K, committed 11008K, reserved 1064960K
  class space    used 1344K, committed 1408K, reserved 1048576K
}
Event: 3.749 GC heap before
{Heap before GC invocations=4 (full 0):
 garbage-first heap   total 63488K, used 39237K [0x00000000c3800000, 0x0000000100000000)
  region size 1024K, 30 young (30720K), 3 survivors (3072K)
 Metaspace       used 11558K, committed 11776K, reserved 1064960K
  class space    used 1404K, committed 1536K, reserved 1048576K
}
Event: 3.754 GC heap after
{Heap after GC invocations=5 (full 0):
 garbage-first heap   total 63488K, used 13297K [0x00000000c3800000, 0x0000000100000000)
  region size 1024K, 3 young (3072K), 3 survivors (3072K)
 Metaspace       used 11558K, committed 11776K, reserved 1064960K
  class space    used 1404K, committed 1536K, reserved 1048576K
}
Event: 5.518 GC heap before
{Heap before GC invocations=5 (full 0):
 garbage-first heap   total 63488K, used 45041K [0x00000000c3800000, 0x0000000100000000)
  region size 1024K, 34 young (34816K), 3 survivors (3072K)
 Metaspace       used 15795K, committed 16000K, reserved 1064960K
  class space    used 1953K, committed 2048K, reserved 1048576K
}
Event: 5.531 GC heap after
{Heap after GC invocations=6 (full 0):
 garbage-first heap   total 63488K, used 15271K [0x00000000c3800000, 0x0000000100000000)
  region size 1024K, 4 young (4096K), 4 survivors (4096K)
 Metaspace       used 15795K, committed 16000K, reserved 1064960K
  class space    used 1953K, committed 2048K, reserved 1048576K
}
Event: 6.505 GC heap before
{Heap before GC invocations=6 (full 0):
 garbage-first heap   total 63488K, used 44967K [0x00000000c3800000, 0x0000000100000000)
  region size 1024K, 33 young (33792K), 4 survivors (4096K)
 Metaspace       used 18643K, committed 18880K, reserved 1073152K
  class space    used 2322K, committed 2432K, reserved 1048576K
}
Event: 6.517 GC heap after
{Heap after GC invocations=7 (full 0):
 garbage-first heap   total 63488K, used 16763K [0x00000000c3800000, 0x0000000100000000)
  region size 1024K, 4 young (4096K), 4 survivors (4096K)
 Metaspace       used 18643K, committed 18880K, reserved 1073152K
  class space    used 2322K, committed 2432K, reserved 1048576K
}
Event: 7.154 GC heap before
{Heap before GC invocations=7 (full 0):
 garbage-first heap   total 63488K, used 35195K [0x00000000c3800000, 0x0000000100000000)
  region size 1024K, 23 young (23552K), 4 survivors (4096K)
 Metaspace       used 21324K, committed 21504K, reserved 1073152K
  class space    used 2807K, committed 2880K, reserved 1048576K
}
Event: 7.168 GC heap after
{Heap after GC invocations=8 (full 0):
 garbage-first heap   total 76800K, used 18271K [0x00000000c3800000, 0x0000000100000000)
  region size 1024K, 4 young (4096K), 4 survivors (4096K)
 Metaspace       used 21324K, committed 21504K, reserved 1073152K
  class space    used 2807K, committed 2880K, reserved 1048576K
}
Event: 9.056 GC heap before
{Heap before GC invocations=9 (full 0):
 garbage-first heap   total 68608K, used 55135K [0x00000000c3800000, 0x0000000100000000)
  region size 1024K, 40 young (40960K), 4 survivors (4096K)
 Metaspace       used 33664K, committed 33920K, reserved 1081344K
  class space    used 4549K, committed 4672K, reserved 1048576K
}
Event: 9.070 GC heap after
{Heap after GC invocations=10 (full 0):
 garbage-first heap   total 68608K, used 20075K [0x00000000c3800000, 0x0000000100000000)
  region size 1024K, 4 young (4096K), 4 survivors (4096K)
 Metaspace       used 33664K, committed 33920K, reserved 1081344K
  class space    used 4549K, committed 4672K, reserved 1048576K
}
Event: 9.433 GC heap before
{Heap before GC invocations=10 (full 0):
 garbage-first heap   total 68608K, used 27243K [0x00000000c3800000, 0x0000000100000000)
  region size 1024K, 12 young (12288K), 4 survivors (4096K)
 Metaspace       used 35821K, committed 36096K, reserved 1081344K
  class space    used 4790K, committed 4928K, reserved 1048576K
}
Event: 9.444 GC heap after
{Heap after GC invocations=11 (full 0):
 garbage-first heap   total 68608K, used 20695K [0x00000000c3800000, 0x0000000100000000)
  region size 1024K, 3 young (3072K), 3 survivors (3072K)
 Metaspace       used 35821K, committed 36096K, reserved 1081344K
  class space    used 4790K, committed 4928K, reserved 1048576K
}
Event: 12.742 GC heap before
{Heap before GC invocations=12 (full 0):
 garbage-first heap   total 68608K, used 52439K [0x00000000c3800000, 0x0000000100000000)
  region size 1024K, 34 young (34816K), 3 survivors (3072K)
 Metaspace       used 47475K, committed 47808K, reserved 1097728K
  class space    used 6490K, committed 6656K, reserved 1048576K
}
Event: 12.756 GC heap after
{Heap after GC invocations=13 (full 0):
 garbage-first heap   total 68608K, used 23503K [0x00000000c3800000, 0x0000000100000000)
  region size 1024K, 4 young (4096K), 4 survivors (4096K)
 Metaspace       used 47475K, committed 47808K, reserved 1097728K
  class space    used 6490K, committed 6656K, reserved 1048576K
}
Event: 36.054 GC heap before
{Heap before GC invocations=13 (full 0):
 garbage-first heap   total 68608K, used 52175K [0x00000000c3800000, 0x0000000100000000)
  region size 1024K, 32 young (32768K), 4 survivors (4096K)
 Metaspace       used 54922K, committed 55232K, reserved 1097728K
  class space    used 7408K, committed 7552K, reserved 1048576K
}
Event: 36.106 GC heap after
{Heap after GC invocations=14 (full 0):
 garbage-first heap   total 68608K, used 24911K [0x00000000c3800000, 0x0000000100000000)
  region size 1024K, 2 young (2048K), 2 survivors (2048K)
 Metaspace       used 54922K, committed 55232K, reserved 1097728K
  class space    used 7408K, committed 7552K, reserved 1048576K
}

